<?xml version="1.0" encoding="UTF-8"?>
<!-- Generated by org.testng.reporters.JUnitReportReporter -->
<testsuite hostname="DESKTOP-4G6V73A" failures="0" tests="1" name="TestLayer.RegisterPageTest" time="3.945" errors="0" timestamp="2023-01-12T19:28:23 IST" skipped="0">
  <testcase classname="TestLayer.RegisterPageTest" name="validateRegisterFunctionality" time="3.945"/>
  <system-out/>
</testsuite> <!-- TestLayer.RegisterPageTest -->
