<?xml version="1.0" encoding="UTF-8"?>
<!-- Generated by org.testng.reporters.JUnitReportReporter -->
<testsuite hostname="DESKTOP-4G6V73A" failures="0" tests="4" name="TestLayer.RegisterSucessTest" time="0.101" errors="0" timestamp="2023-01-12T19:28:23 IST" skipped="0">
  <testcase classname="TestLayer.RegisterSucessTest" name="validateSucessPageUrl" time="0.012"/>
  <system-out/>
  <testcase classname="TestLayer.RegisterSucessTest" name="validateFirstName" time="0.031"/>
  <system-out/>
  <testcase classname="TestLayer.RegisterSucessTest" name="validateLastName" time="0.026"/>
  <system-out/>
  <testcase classname="TestLayer.RegisterSucessTest" name="validateEmailId" time="0.032"/>
  <system-out/>
</testsuite> <!-- TestLayer.RegisterSucessTest -->
